A D/1100////
A D/1400////
A D/600////
A D/700////
A D/900////
A D/big////
A D/menu_brazilian_portuguese////
A D/menu_czech////
A D/menu_dutch////
A D/menu_english////
A D/menu_german////
A D/menu_hungarian////
A D/menu_japanese////
A D/menu_polish////
A D/menu_russian-win1251////
A D/menu_spanish////
A D/opaque////
A D/small////
A D/transparent////
R D/small////
R D/menu_spanish////
R D/menu_russian-win1251////
R D/menu_polish////
R D/menu_japanese////
R D/menu_hungarian////
R D/menu_german////
R D/menu_english////
R D/menu_dutch////
R D/menu_czech////
R D/menu_brazilian_portuguese////
R D/big////
R D/900////
R D/700////
R D/600////
R D/1400////
R D/1100////
